2017-07-23 23:27:54 Error: [MissingControllerException] Controller class LunchController could not be found.
#0 /Users/KK/MAMP_WS/cake/lunch/app/webroot/index.php(92): Dispatcher->dispatch(Object(CakeRequest), Object(CakeResponse))
#1 {main}
2017-07-23 23:34:50 Error: Fatal Error (1): Call to a member function find() on a non-object in [/Users/KK/MAMP_WS/cake/lunch/app/Controller/ResultHeaderController.php, line 12]
2017-07-23 23:34:50 Error: [FatalErrorException] Call to a member function find() on a non-object
#0 /Users/KK/MAMP_WS/cake/lunch/lib/Cake/Error/ErrorHandler.php(162): ErrorHandler::handleFatalError(1, 'Call to a membe...', '/Users/KK/MAMP_...', 12)
#1 [internal function]: ErrorHandler::handleError(1, 'Call to a membe...', '/Users/KK/MAMP_...', 12, Array)
#2 /Users/KK/MAMP_WS/cake/lunch/lib/Cake/Core/App.php(926): call_user_func('ErrorHandler::h...', 1, 'Call to a membe...', '/Users/KK/MAMP_...', 12, Array)
#3 /Users/KK/MAMP_WS/cake/lunch/lib/Cake/Core/App.php(899): App::_checkFatalError()
#4 [internal function]: App::shutdown()
#5 {main}
2017-07-23 23:35:42 Error: Fatal Error (1): Call to undefined method ResultHeader::find() in [/Users/KK/MAMP_WS/cake/lunch/app/Controller/ResultHeaderController.php, line 12]
2017-07-23 23:35:42 Error: [FatalErrorException] Call to undefined method ResultHeader::find()
#0 /Users/KK/MAMP_WS/cake/lunch/lib/Cake/Error/ErrorHandler.php(162): ErrorHandler::handleFatalError(1, 'Call to undefin...', '/Users/KK/MAMP_...', 12)
#1 [internal function]: ErrorHandler::handleError(1, 'Call to undefin...', '/Users/KK/MAMP_...', 12, Array)
#2 /Users/KK/MAMP_WS/cake/lunch/lib/Cake/Core/App.php(926): call_user_func('ErrorHandler::h...', 1, 'Call to undefin...', '/Users/KK/MAMP_...', 12, Array)
#3 /Users/KK/MAMP_WS/cake/lunch/lib/Cake/Core/App.php(899): App::_checkFatalError()
#4 [internal function]: App::shutdown()
#5 {main}
2017-07-23 23:35:58 Error: [MissingTableException] Table result_headers for model ResultHeader was not found in datasource default.
#0 /Users/KK/MAMP_WS/cake/lunch/lib/Cake/Model/Model.php(3180): Model->setSource('result_headers')
#1 /Users/KK/MAMP_WS/cake/lunch/lib/Cake/Model/Model.php(2631): Model->getDataSource()
#2 /Users/KK/MAMP_WS/cake/lunch/app/Controller/ResultHeaderController.php(12): Model->find('all')
#3 [internal function]: ResultHeaderController->index()
#4 /Users/KK/MAMP_WS/cake/lunch/lib/Cake/Controller/Controller.php(485): ReflectionMethod->invokeArgs(Object(ResultHeaderController), Array)
#5 /Users/KK/MAMP_WS/cake/lunch/lib/Cake/Routing/Dispatcher.php(186): Controller->invokeAction(Object(CakeRequest))
#6 /Users/KK/MAMP_WS/cake/lunch/lib/Cake/Routing/Dispatcher.php(161): Dispatcher->_invoke(Object(ResultHeaderController), Object(CakeRequest), Object(CakeResponse))
#7 /Users/KK/MAMP_WS/cake/lunch/app/webroot/index.php(92): Dispatcher->dispatch(Object(CakeRequest), Object(CakeResponse))
#8 {main}
2017-07-23 23:38:17 Error: Fatal Error (4): syntax error, unexpected T_ECHO, expecting ',' or ';' in [/Users/KK/MAMP_WS/cake/lunch/app/View/ResultHeader/index.ctp, line 9]
2017-07-23 23:38:17 Error: [FatalErrorException] syntax error, unexpected T_ECHO, expecting ',' or ';'
#0 /Users/KK/MAMP_WS/cake/lunch/lib/Cake/Error/ErrorHandler.php(162): ErrorHandler::handleFatalError(4, 'syntax error, u...', '/Users/KK/MAMP_...', 9)
#1 [internal function]: ErrorHandler::handleError(4, 'syntax error, u...', '/Users/KK/MAMP_...', 9, Array)
#2 /Users/KK/MAMP_WS/cake/lunch/lib/Cake/Core/App.php(926): call_user_func('ErrorHandler::h...', 4, 'syntax error, u...', '/Users/KK/MAMP_...', 9, Array)
#3 /Users/KK/MAMP_WS/cake/lunch/lib/Cake/Core/App.php(899): App::_checkFatalError()
#4 [internal function]: App::shutdown()
#5 {main}
2017-07-23 23:50:31 Error: [PDOException] SQLSTATE[42000]: Syntax error or access violation: 1064 You have an error in your SQL syntax; check the manual that corresponds to your MySQL server version for the right syntax to use near ' .lunch_date, `Store`.`store_name`, .created, .modified FROM `kasano1`.`result_h' at line 1
#0 /Users/KK/MAMP_WS/cake/lunch/lib/Cake/Model/Datasource/DboSource.php(461): PDOStatement->execute(Array)
#1 /Users/KK/MAMP_WS/cake/lunch/lib/Cake/Model/Datasource/DboSource.php(427): DboSource->_execute('SELECT .id, .lu...', Array)
#2 /Users/KK/MAMP_WS/cake/lunch/lib/Cake/Model/Datasource/DboSource.php(671): DboSource->execute('SELECT .id, .lu...', Array, Array)
#3 /Users/KK/MAMP_WS/cake/lunch/lib/Cake/Model/Datasource/DboSource.php(1082): DboSource->fetchAll('SELECT .id, .lu...', false)
#4 /Users/KK/MAMP_WS/cake/lunch/lib/Cake/Model/Model.php(2631): DboSource->read(Object(ResultHeader), Array)
#5 /Users/KK/MAMP_WS/cake/lunch/app/Controller/ResultHeaderController.php(32): Model->find('all', Array)
#6 [internal function]: ResultHeaderController->index()
#7 /Users/KK/MAMP_WS/cake/lunch/lib/Cake/Controller/Controller.php(485): ReflectionMethod->invokeArgs(Object(ResultHeaderController), Array)
#8 /Users/KK/MAMP_WS/cake/lunch/lib/Cake/Routing/Dispatcher.php(186): Controller->invokeAction(Object(CakeRequest))
#9 /Users/KK/MAMP_WS/cake/lunch/lib/Cake/Routing/Dispatcher.php(161): Dispatcher->_invoke(Object(ResultHeaderController), Object(CakeRequest), Object(CakeResponse))
#10 /Users/KK/MAMP_WS/cake/lunch/app/webroot/index.php(92): Dispatcher->dispatch(Object(CakeRequest), Object(CakeResponse))
#11 {main}
2017-07-23 23:50:53 Error: [PDOException] SQLSTATE[42000]: Syntax error or access violation: 1064 You have an error in your SQL syntax; check the manual that corresponds to your MySQL server version for the right syntax to use near ' .lunch_date, `Store`.`store_name`, .created, .modified FROM `kasano1`.`result_h' at line 1
#0 /Users/KK/MAMP_WS/cake/lunch/lib/Cake/Model/Datasource/DboSource.php(461): PDOStatement->execute(Array)
#1 /Users/KK/MAMP_WS/cake/lunch/lib/Cake/Model/Datasource/DboSource.php(427): DboSource->_execute('SELECT .id, .lu...', Array)
#2 /Users/KK/MAMP_WS/cake/lunch/lib/Cake/Model/Datasource/DboSource.php(671): DboSource->execute('SELECT .id, .lu...', Array, Array)
#3 /Users/KK/MAMP_WS/cake/lunch/lib/Cake/Model/Datasource/DboSource.php(1082): DboSource->fetchAll('SELECT .id, .lu...', false)
#4 /Users/KK/MAMP_WS/cake/lunch/lib/Cake/Model/Model.php(2631): DboSource->read(Object(ResultHeader), Array)
#5 /Users/KK/MAMP_WS/cake/lunch/app/Controller/ResultHeaderController.php(32): Model->find('all', Array)
#6 [internal function]: ResultHeaderController->index()
#7 /Users/KK/MAMP_WS/cake/lunch/lib/Cake/Controller/Controller.php(485): ReflectionMethod->invokeArgs(Object(ResultHeaderController), Array)
#8 /Users/KK/MAMP_WS/cake/lunch/lib/Cake/Routing/Dispatcher.php(186): Controller->invokeAction(Object(CakeRequest))
#9 /Users/KK/MAMP_WS/cake/lunch/lib/Cake/Routing/Dispatcher.php(161): Dispatcher->_invoke(Object(ResultHeaderController), Object(CakeRequest), Object(CakeResponse))
#10 /Users/KK/MAMP_WS/cake/lunch/app/webroot/index.php(92): Dispatcher->dispatch(Object(CakeRequest), Object(CakeResponse))
#11 {main}
2017-07-23 23:51:18 Error: [PDOException] SQLSTATE[42000]: Syntax error or access violation: 1064 You have an error in your SQL syntax; check the manual that corresponds to your MySQL server version for the right syntax to use near ' .lunch_date, `Store`.`store_name`, .created, .modified FROM `kasano1`.`result_h' at line 1
#0 /Users/KK/MAMP_WS/cake/lunch/lib/Cake/Model/Datasource/DboSource.php(461): PDOStatement->execute(Array)
#1 /Users/KK/MAMP_WS/cake/lunch/lib/Cake/Model/Datasource/DboSource.php(427): DboSource->_execute('SELECT .id, .lu...', Array)
#2 /Users/KK/MAMP_WS/cake/lunch/lib/Cake/Model/Datasource/DboSource.php(671): DboSource->execute('SELECT .id, .lu...', Array, Array)
#3 /Users/KK/MAMP_WS/cake/lunch/lib/Cake/Model/Datasource/DboSource.php(1082): DboSource->fetchAll('SELECT .id, .lu...', false)
#4 /Users/KK/MAMP_WS/cake/lunch/lib/Cake/Model/Model.php(2631): DboSource->read(Object(ResultHeader), Array)
#5 /Users/KK/MAMP_WS/cake/lunch/app/Controller/ResultHeaderController.php(32): Model->find('all', Array)
#6 [internal function]: ResultHeaderController->index()
#7 /Users/KK/MAMP_WS/cake/lunch/lib/Cake/Controller/Controller.php(485): ReflectionMethod->invokeArgs(Object(ResultHeaderController), Array)
#8 /Users/KK/MAMP_WS/cake/lunch/lib/Cake/Routing/Dispatcher.php(186): Controller->invokeAction(Object(CakeRequest))
#9 /Users/KK/MAMP_WS/cake/lunch/lib/Cake/Routing/Dispatcher.php(161): Dispatcher->_invoke(Object(ResultHeaderController), Object(CakeRequest), Object(CakeResponse))
#10 /Users/KK/MAMP_WS/cake/lunch/app/webroot/index.php(92): Dispatcher->dispatch(Object(CakeRequest), Object(CakeResponse))
#11 {main}
2017-07-23 23:51:54 Error: [PDOException] SQLSTATE[42000]: Syntax error or access violation: 1064 You have an error in your SQL syntax; check the manual that corresponds to your MySQL server version for the right syntax to use near '= `Store`.`id`)  WHERE 1 = 1' at line 1
#0 /Users/KK/MAMP_WS/cake/lunch/lib/Cake/Model/Datasource/DboSource.php(461): PDOStatement->execute(Array)
#1 /Users/KK/MAMP_WS/cake/lunch/lib/Cake/Model/Datasource/DboSource.php(427): DboSource->_execute('SELECT DISTINCT...', Array)
#2 /Users/KK/MAMP_WS/cake/lunch/lib/Cake/Model/Datasource/DboSource.php(671): DboSource->execute('SELECT DISTINCT...', Array, Array)
#3 /Users/KK/MAMP_WS/cake/lunch/lib/Cake/Model/Datasource/DboSource.php(1082): DboSource->fetchAll('SELECT DISTINCT...', false)
#4 /Users/KK/MAMP_WS/cake/lunch/lib/Cake/Model/Model.php(2631): DboSource->read(Object(ResultHeader), Array)
#5 /Users/KK/MAMP_WS/cake/lunch/app/Controller/ResultHeaderController.php(32): Model->find('all', Array)
#6 [internal function]: ResultHeaderController->index()
#7 /Users/KK/MAMP_WS/cake/lunch/lib/Cake/Controller/Controller.php(485): ReflectionMethod->invokeArgs(Object(ResultHeaderController), Array)
#8 /Users/KK/MAMP_WS/cake/lunch/lib/Cake/Routing/Dispatcher.php(186): Controller->invokeAction(Object(CakeRequest))
#9 /Users/KK/MAMP_WS/cake/lunch/lib/Cake/Routing/Dispatcher.php(161): Dispatcher->_invoke(Object(ResultHeaderController), Object(CakeRequest), Object(CakeResponse))
#10 /Users/KK/MAMP_WS/cake/lunch/app/webroot/index.php(92): Dispatcher->dispatch(Object(CakeRequest), Object(CakeResponse))
#11 {main}
2017-07-23 23:52:26 Error: [PDOException] SQLSTATE[42S22]: Column not found: 1054 Unknown column 'ResultHeader.' in 'field list'
#0 /Users/KK/MAMP_WS/cake/lunch/lib/Cake/Model/Datasource/DboSource.php(461): PDOStatement->execute(Array)
#1 /Users/KK/MAMP_WS/cake/lunch/lib/Cake/Model/Datasource/DboSource.php(427): DboSource->_execute('SELECT DISTINCT...', Array)
#2 /Users/KK/MAMP_WS/cake/lunch/lib/Cake/Model/Datasource/DboSource.php(671): DboSource->execute('SELECT DISTINCT...', Array, Array)
#3 /Users/KK/MAMP_WS/cake/lunch/lib/Cake/Model/Datasource/DboSource.php(1082): DboSource->fetchAll('SELECT DISTINCT...', false)
#4 /Users/KK/MAMP_WS/cake/lunch/lib/Cake/Model/Model.php(2631): DboSource->read(Object(ResultHeader), Array)
#5 /Users/KK/MAMP_WS/cake/lunch/app/Controller/ResultHeaderController.php(32): Model->find('all', Array)
#6 [internal function]: ResultHeaderController->index()
#7 /Users/KK/MAMP_WS/cake/lunch/lib/Cake/Controller/Controller.php(485): ReflectionMethod->invokeArgs(Object(ResultHeaderController), Array)
#8 /Users/KK/MAMP_WS/cake/lunch/lib/Cake/Routing/Dispatcher.php(186): Controller->invokeAction(Object(CakeRequest))
#9 /Users/KK/MAMP_WS/cake/lunch/lib/Cake/Routing/Dispatcher.php(161): Dispatcher->_invoke(Object(ResultHeaderController), Object(CakeRequest), Object(CakeResponse))
#10 /Users/KK/MAMP_WS/cake/lunch/app/webroot/index.php(92): Dispatcher->dispatch(Object(CakeRequest), Object(CakeResponse))
#11 {main}
2017-07-23 23:53:10 Error: [PDOException] SQLSTATE[42000]: Syntax error or access violation: 1064 You have an error in your SQL syntax; check the manual that corresponds to your MySQL server version for the right syntax to use near '= `Store`.`id`)  WHERE 1 = 1' at line 1
#0 /Users/KK/MAMP_WS/cake/lunch/lib/Cake/Model/Datasource/DboSource.php(461): PDOStatement->execute(Array)
#1 /Users/KK/MAMP_WS/cake/lunch/lib/Cake/Model/Datasource/DboSource.php(427): DboSource->_execute('SELECT DISTINCT...', Array)
#2 /Users/KK/MAMP_WS/cake/lunch/lib/Cake/Model/Datasource/DboSource.php(671): DboSource->execute('SELECT DISTINCT...', Array, Array)
#3 /Users/KK/MAMP_WS/cake/lunch/lib/Cake/Model/Datasource/DboSource.php(1082): DboSource->fetchAll('SELECT DISTINCT...', false)
#4 /Users/KK/MAMP_WS/cake/lunch/lib/Cake/Model/Model.php(2631): DboSource->read(Object(ResultHeader), Array)
#5 /Users/KK/MAMP_WS/cake/lunch/app/Controller/ResultHeaderController.php(32): Model->find('all', Array)
#6 [internal function]: ResultHeaderController->index()
#7 /Users/KK/MAMP_WS/cake/lunch/lib/Cake/Controller/Controller.php(485): ReflectionMethod->invokeArgs(Object(ResultHeaderController), Array)
#8 /Users/KK/MAMP_WS/cake/lunch/lib/Cake/Routing/Dispatcher.php(186): Controller->invokeAction(Object(CakeRequest))
#9 /Users/KK/MAMP_WS/cake/lunch/lib/Cake/Routing/Dispatcher.php(161): Dispatcher->_invoke(Object(ResultHeaderController), Object(CakeRequest), Object(CakeResponse))
#10 /Users/KK/MAMP_WS/cake/lunch/app/webroot/index.php(92): Dispatcher->dispatch(Object(CakeRequest), Object(CakeResponse))
#11 {main}
2017-07-23 23:54:38 Error: [PDOException] SQLSTATE[42S22]: Column not found: 1054 Unknown column 'ResultHeader.' in 'field list'
#0 /Users/KK/MAMP_WS/cake/lunch/lib/Cake/Model/Datasource/DboSource.php(461): PDOStatement->execute(Array)
#1 /Users/KK/MAMP_WS/cake/lunch/lib/Cake/Model/Datasource/DboSource.php(427): DboSource->_execute('SELECT DISTINCT...', Array)
#2 /Users/KK/MAMP_WS/cake/lunch/lib/Cake/Model/Datasource/DboSource.php(671): DboSource->execute('SELECT DISTINCT...', Array, Array)
#3 /Users/KK/MAMP_WS/cake/lunch/lib/Cake/Model/Datasource/DboSource.php(1082): DboSource->fetchAll('SELECT DISTINCT...', false)
#4 /Users/KK/MAMP_WS/cake/lunch/lib/Cake/Model/Model.php(2631): DboSource->read(Object(ResultHeader), Array)
#5 /Users/KK/MAMP_WS/cake/lunch/app/Controller/ResultHeaderController.php(33): Model->find('all', Array)
#6 [internal function]: ResultHeaderController->index()
#7 /Users/KK/MAMP_WS/cake/lunch/lib/Cake/Controller/Controller.php(485): ReflectionMethod->invokeArgs(Object(ResultHeaderController), Array)
#8 /Users/KK/MAMP_WS/cake/lunch/lib/Cake/Routing/Dispatcher.php(186): Controller->invokeAction(Object(CakeRequest))
#9 /Users/KK/MAMP_WS/cake/lunch/lib/Cake/Routing/Dispatcher.php(161): Dispatcher->_invoke(Object(ResultHeaderController), Object(CakeRequest), Object(CakeResponse))
#10 /Users/KK/MAMP_WS/cake/lunch/app/webroot/index.php(92): Dispatcher->dispatch(Object(CakeRequest), Object(CakeResponse))
#11 {main}
2017-07-23 23:56:03 Error: [PDOException] SQLSTATE[42S22]: Column not found: 1054 Unknown column 'ResultHeader.' in 'field list'
#0 /Users/KK/MAMP_WS/cake/lunch/lib/Cake/Model/Datasource/DboSource.php(461): PDOStatement->execute(Array)
#1 /Users/KK/MAMP_WS/cake/lunch/lib/Cake/Model/Datasource/DboSource.php(427): DboSource->_execute('SELECT DISTINCT...', Array)
#2 /Users/KK/MAMP_WS/cake/lunch/lib/Cake/Model/Datasource/DboSource.php(671): DboSource->execute('SELECT DISTINCT...', Array, Array)
#3 /Users/KK/MAMP_WS/cake/lunch/lib/Cake/Model/Datasource/DboSource.php(1082): DboSource->fetchAll('SELECT DISTINCT...', false)
#4 /Users/KK/MAMP_WS/cake/lunch/lib/Cake/Model/Model.php(2631): DboSource->read(Object(ResultHeader), Array)
#5 /Users/KK/MAMP_WS/cake/lunch/app/Controller/ResultHeaderController.php(32): Model->find('all', Array)
#6 [internal function]: ResultHeaderController->index()
#7 /Users/KK/MAMP_WS/cake/lunch/lib/Cake/Controller/Controller.php(485): ReflectionMethod->invokeArgs(Object(ResultHeaderController), Array)
#8 /Users/KK/MAMP_WS/cake/lunch/lib/Cake/Routing/Dispatcher.php(186): Controller->invokeAction(Object(CakeRequest))
#9 /Users/KK/MAMP_WS/cake/lunch/lib/Cake/Routing/Dispatcher.php(161): Dispatcher->_invoke(Object(ResultHeaderController), Object(CakeRequest), Object(CakeResponse))
#10 /Users/KK/MAMP_WS/cake/lunch/app/webroot/index.php(92): Dispatcher->dispatch(Object(CakeRequest), Object(CakeResponse))
#11 {main}
2017-07-24 00:03:45 Error: [PDOException] SQLSTATE[42000]: Syntax error or access violation: 1064 You have an error in your SQL syntax; check the manual that corresponds to your MySQL server version for the right syntax to use near 'DISTINCT `ResultHeader`.`` FROM `kasano1`.`result_headers` AS `ResultHeader` inn' at line 1
#0 /Users/KK/MAMP_WS/cake/lunch/lib/Cake/Model/Datasource/DboSource.php(461): PDOStatement->execute(Array)
#1 /Users/KK/MAMP_WS/cake/lunch/lib/Cake/Model/Datasource/DboSource.php(427): DboSource->_execute('SELECT `ResultH...', Array)
#2 /Users/KK/MAMP_WS/cake/lunch/lib/Cake/Model/Datasource/DboSource.php(671): DboSource->execute('SELECT `ResultH...', Array, Array)
#3 /Users/KK/MAMP_WS/cake/lunch/lib/Cake/Model/Datasource/DboSource.php(1082): DboSource->fetchAll('SELECT `ResultH...', false)
#4 /Users/KK/MAMP_WS/cake/lunch/lib/Cake/Model/Model.php(2631): DboSource->read(Object(ResultHeader), Array)
#5 /Users/KK/MAMP_WS/cake/lunch/app/Controller/ResultHeaderController.php(32): Model->find('list', Array)
#6 [internal function]: ResultHeaderController->index()
#7 /Users/KK/MAMP_WS/cake/lunch/lib/Cake/Controller/Controller.php(485): ReflectionMethod->invokeArgs(Object(ResultHeaderController), Array)
#8 /Users/KK/MAMP_WS/cake/lunch/lib/Cake/Routing/Dispatcher.php(186): Controller->invokeAction(Object(CakeRequest))
#9 /Users/KK/MAMP_WS/cake/lunch/lib/Cake/Routing/Dispatcher.php(161): Dispatcher->_invoke(Object(ResultHeaderController), Object(CakeRequest), Object(CakeResponse))
#10 /Users/KK/MAMP_WS/cake/lunch/app/webroot/index.php(92): Dispatcher->dispatch(Object(CakeRequest), Object(CakeResponse))
#11 {main}
2017-07-24 00:06:21 Error: [PDOException] SQLSTATE[42000]: Syntax error or access violation: 1064 You have an error in your SQL syntax; check the manual that corresponds to your MySQL server version for the right syntax to use near 'stores Store ResultHeader.store_id = Store.id  WHERE 1 = 1' at line 1
#0 /Users/KK/MAMP_WS/cake/lunch/lib/Cake/Model/Datasource/DboSource.php(461): PDOStatement->execute(Array)
#1 /Users/KK/MAMP_WS/cake/lunch/lib/Cake/Model/Datasource/DboSource.php(427): DboSource->_execute('SELECT `ResultH...', Array)
#2 /Users/KK/MAMP_WS/cake/lunch/lib/Cake/Model/Datasource/DboSource.php(671): DboSource->execute('SELECT `ResultH...', Array, Array)
#3 /Users/KK/MAMP_WS/cake/lunch/lib/Cake/Model/Datasource/DboSource.php(1082): DboSource->fetchAll('SELECT `ResultH...', false)
#4 /Users/KK/MAMP_WS/cake/lunch/lib/Cake/Model/Model.php(2631): DboSource->read(Object(ResultHeader), Array)
#5 /Users/KK/MAMP_WS/cake/lunch/app/Controller/ResultHeaderController.php(46): Model->find('list', Array)
#6 [internal function]: ResultHeaderController->index()
#7 /Users/KK/MAMP_WS/cake/lunch/lib/Cake/Controller/Controller.php(485): ReflectionMethod->invokeArgs(Object(ResultHeaderController), Array)
#8 /Users/KK/MAMP_WS/cake/lunch/lib/Cake/Routing/Dispatcher.php(186): Controller->invokeAction(Object(CakeRequest))
#9 /Users/KK/MAMP_WS/cake/lunch/lib/Cake/Routing/Dispatcher.php(161): Dispatcher->_invoke(Object(ResultHeaderController), Object(CakeRequest), Object(CakeResponse))
#10 /Users/KK/MAMP_WS/cake/lunch/app/webroot/index.php(92): Dispatcher->dispatch(Object(CakeRequest), Object(CakeResponse))
#11 {main}
2017-07-24 00:08:46 Error: [PDOException] SQLSTATE[42S22]: Column not found: 1054 Unknown column 'Store.store_name' in 'field list'
#0 /Users/KK/MAMP_WS/cake/lunch/lib/Cake/Model/Datasource/DboSource.php(461): PDOStatement->execute(Array)
#1 /Users/KK/MAMP_WS/cake/lunch/lib/Cake/Model/Datasource/DboSource.php(427): DboSource->_execute('SELECT `ResultH...', Array)
#2 /Users/KK/MAMP_WS/cake/lunch/lib/Cake/Model/Datasource/DboSource.php(671): DboSource->execute('SELECT `ResultH...', Array, Array)
#3 /Users/KK/MAMP_WS/cake/lunch/lib/Cake/Model/Datasource/DboSource.php(1082): DboSource->fetchAll('SELECT `ResultH...', false)
#4 /Users/KK/MAMP_WS/cake/lunch/lib/Cake/Model/Model.php(2631): DboSource->read(Object(ResultHeader), Array)
#5 /Users/KK/MAMP_WS/cake/lunch/app/Controller/ResultHeaderController.php(46): Model->find('list', Array)
#6 [internal function]: ResultHeaderController->index()
#7 /Users/KK/MAMP_WS/cake/lunch/lib/Cake/Controller/Controller.php(485): ReflectionMethod->invokeArgs(Object(ResultHeaderController), Array)
#8 /Users/KK/MAMP_WS/cake/lunch/lib/Cake/Routing/Dispatcher.php(186): Controller->invokeAction(Object(CakeRequest))
#9 /Users/KK/MAMP_WS/cake/lunch/lib/Cake/Routing/Dispatcher.php(161): Dispatcher->_invoke(Object(ResultHeaderController), Object(CakeRequest), Object(CakeResponse))
#10 /Users/KK/MAMP_WS/cake/lunch/app/webroot/index.php(92): Dispatcher->dispatch(Object(CakeRequest), Object(CakeResponse))
#11 {main}
2017-07-24 00:09:02 Error: [PDOException] SQLSTATE[42000]: Syntax error or access violation: 1064 You have an error in your SQL syntax; check the manual that corresponds to your MySQL server version for the right syntax to use near 'stores Store ResultHeader.store_id = Store.id  WHERE 1 = 1' at line 1
#0 /Users/KK/MAMP_WS/cake/lunch/lib/Cake/Model/Datasource/DboSource.php(461): PDOStatement->execute(Array)
#1 /Users/KK/MAMP_WS/cake/lunch/lib/Cake/Model/Datasource/DboSource.php(427): DboSource->_execute('SELECT `ResultH...', Array)
#2 /Users/KK/MAMP_WS/cake/lunch/lib/Cake/Model/Datasource/DboSource.php(671): DboSource->execute('SELECT `ResultH...', Array, Array)
#3 /Users/KK/MAMP_WS/cake/lunch/lib/Cake/Model/Datasource/DboSource.php(1082): DboSource->fetchAll('SELECT `ResultH...', false)
#4 /Users/KK/MAMP_WS/cake/lunch/lib/Cake/Model/Model.php(2631): DboSource->read(Object(ResultHeader), Array)
#5 /Users/KK/MAMP_WS/cake/lunch/app/Controller/ResultHeaderController.php(47): Model->find('list', Array)
#6 [internal function]: ResultHeaderController->index()
#7 /Users/KK/MAMP_WS/cake/lunch/lib/Cake/Controller/Controller.php(485): ReflectionMethod->invokeArgs(Object(ResultHeaderController), Array)
#8 /Users/KK/MAMP_WS/cake/lunch/lib/Cake/Routing/Dispatcher.php(186): Controller->invokeAction(Object(CakeRequest))
#9 /Users/KK/MAMP_WS/cake/lunch/lib/Cake/Routing/Dispatcher.php(161): Dispatcher->_invoke(Object(ResultHeaderController), Object(CakeRequest), Object(CakeResponse))
#10 /Users/KK/MAMP_WS/cake/lunch/app/webroot/index.php(92): Dispatcher->dispatch(Object(CakeRequest), Object(CakeResponse))
#11 {main}
2017-07-24 00:09:19 Error: [PDOException] SQLSTATE[42000]: Syntax error or access violation: 1064 You have an error in your SQL syntax; check the manual that corresponds to your MySQL server version for the right syntax to use near 'stores Store ResultHeader.store_id = Store.id  WHERE 1 = 1' at line 1
#0 /Users/KK/MAMP_WS/cake/lunch/lib/Cake/Model/Datasource/DboSource.php(461): PDOStatement->execute(Array)
#1 /Users/KK/MAMP_WS/cake/lunch/lib/Cake/Model/Datasource/DboSource.php(427): DboSource->_execute('SELECT `ResultH...', Array)
#2 /Users/KK/MAMP_WS/cake/lunch/lib/Cake/Model/Datasource/DboSource.php(671): DboSource->execute('SELECT `ResultH...', Array, Array)
#3 /Users/KK/MAMP_WS/cake/lunch/lib/Cake/Model/Datasource/DboSource.php(1082): DboSource->fetchAll('SELECT `ResultH...', false)
#4 /Users/KK/MAMP_WS/cake/lunch/lib/Cake/Model/Model.php(2631): DboSource->read(Object(ResultHeader), Array)
#5 /Users/KK/MAMP_WS/cake/lunch/app/Controller/ResultHeaderController.php(46): Model->find('list', Array)
#6 [internal function]: ResultHeaderController->index()
#7 /Users/KK/MAMP_WS/cake/lunch/lib/Cake/Controller/Controller.php(485): ReflectionMethod->invokeArgs(Object(ResultHeaderController), Array)
#8 /Users/KK/MAMP_WS/cake/lunch/lib/Cake/Routing/Dispatcher.php(186): Controller->invokeAction(Object(CakeRequest))
#9 /Users/KK/MAMP_WS/cake/lunch/lib/Cake/Routing/Dispatcher.php(161): Dispatcher->_invoke(Object(ResultHeaderController), Object(CakeRequest), Object(CakeResponse))
#10 /Users/KK/MAMP_WS/cake/lunch/app/webroot/index.php(92): Dispatcher->dispatch(Object(CakeRequest), Object(CakeResponse))
#11 {main}
2017-07-24 00:11:05 Error: [PDOException] SQLSTATE[42000]: Syntax error or access violation: 1064 You have an error in your SQL syntax; check the manual that corresponds to your MySQL server version for the right syntax to use near 'Array  WHERE 1 = 1' at line 1
#0 /Users/KK/MAMP_WS/cake/lunch/lib/Cake/Model/Datasource/DboSource.php(461): PDOStatement->execute(Array)
#1 /Users/KK/MAMP_WS/cake/lunch/lib/Cake/Model/Datasource/DboSource.php(427): DboSource->_execute('SELECT `ResultH...', Array)
#2 /Users/KK/MAMP_WS/cake/lunch/lib/Cake/Model/Datasource/DboSource.php(671): DboSource->execute('SELECT `ResultH...', Array, Array)
#3 /Users/KK/MAMP_WS/cake/lunch/lib/Cake/Model/Datasource/DboSource.php(1082): DboSource->fetchAll('SELECT `ResultH...', false)
#4 /Users/KK/MAMP_WS/cake/lunch/lib/Cake/Model/Model.php(2631): DboSource->read(Object(ResultHeader), Array)
#5 /Users/KK/MAMP_WS/cake/lunch/app/Controller/ResultHeaderController.php(48): Model->find('list', Array)
#6 [internal function]: ResultHeaderController->index()
#7 /Users/KK/MAMP_WS/cake/lunch/lib/Cake/Controller/Controller.php(485): ReflectionMethod->invokeArgs(Object(ResultHeaderController), Array)
#8 /Users/KK/MAMP_WS/cake/lunch/lib/Cake/Routing/Dispatcher.php(186): Controller->invokeAction(Object(CakeRequest))
#9 /Users/KK/MAMP_WS/cake/lunch/lib/Cake/Routing/Dispatcher.php(161): Dispatcher->_invoke(Object(ResultHeaderController), Object(CakeRequest), Object(CakeResponse))
#10 /Users/KK/MAMP_WS/cake/lunch/app/webroot/index.php(92): Dispatcher->dispatch(Object(CakeRequest), Object(CakeResponse))
#11 {main}
2017-07-24 00:11:24 Error: [PDOException] SQLSTATE[42000]: Syntax error or access violation: 1064 You have an error in your SQL syntax; check the manual that corresponds to your MySQL server version for the right syntax to use near 'stores Store ResultHeader.store_id = Store.id  WHERE 1 = 1' at line 1
#0 /Users/KK/MAMP_WS/cake/lunch/lib/Cake/Model/Datasource/DboSource.php(461): PDOStatement->execute(Array)
#1 /Users/KK/MAMP_WS/cake/lunch/lib/Cake/Model/Datasource/DboSource.php(427): DboSource->_execute('SELECT `ResultH...', Array)
#2 /Users/KK/MAMP_WS/cake/lunch/lib/Cake/Model/Datasource/DboSource.php(671): DboSource->execute('SELECT `ResultH...', Array, Array)
#3 /Users/KK/MAMP_WS/cake/lunch/lib/Cake/Model/Datasource/DboSource.php(1082): DboSource->fetchAll('SELECT `ResultH...', false)
#4 /Users/KK/MAMP_WS/cake/lunch/lib/Cake/Model/Model.php(2631): DboSource->read(Object(ResultHeader), Array)
#5 /Users/KK/MAMP_WS/cake/lunch/app/Controller/ResultHeaderController.php(46): Model->find('list', Array)
#6 [internal function]: ResultHeaderController->index()
#7 /Users/KK/MAMP_WS/cake/lunch/lib/Cake/Controller/Controller.php(485): ReflectionMethod->invokeArgs(Object(ResultHeaderController), Array)
#8 /Users/KK/MAMP_WS/cake/lunch/lib/Cake/Routing/Dispatcher.php(186): Controller->invokeAction(Object(CakeRequest))
#9 /Users/KK/MAMP_WS/cake/lunch/lib/Cake/Routing/Dispatcher.php(161): Dispatcher->_invoke(Object(ResultHeaderController), Object(CakeRequest), Object(CakeResponse))
#10 /Users/KK/MAMP_WS/cake/lunch/app/webroot/index.php(92): Dispatcher->dispatch(Object(CakeRequest), Object(CakeResponse))
#11 {main}
2017-07-24 00:12:12 Error: [PDOException] SQLSTATE[42000]: Syntax error or access violation: 1064 You have an error in your SQL syntax; check the manual that corresponds to your MySQL server version for the right syntax to use near 'stores Store ResultHeader.store_id = Store.id  WHERE 1 = 1' at line 1
#0 /Users/KK/MAMP_WS/cake/lunch/lib/Cake/Model/Datasource/DboSource.php(461): PDOStatement->execute(Array)
#1 /Users/KK/MAMP_WS/cake/lunch/lib/Cake/Model/Datasource/DboSource.php(427): DboSource->_execute('SELECT `ResultH...', Array)
#2 /Users/KK/MAMP_WS/cake/lunch/lib/Cake/Model/Datasource/DboSource.php(671): DboSource->execute('SELECT `ResultH...', Array, Array)
#3 /Users/KK/MAMP_WS/cake/lunch/lib/Cake/Model/Datasource/DboSource.php(1082): DboSource->fetchAll('SELECT `ResultH...', false)
#4 /Users/KK/MAMP_WS/cake/lunch/lib/Cake/Model/Model.php(2631): DboSource->read(Object(ResultHeader), Array)
#5 /Users/KK/MAMP_WS/cake/lunch/app/Controller/ResultHeaderController.php(46): Model->find('list', Array)
#6 [internal function]: ResultHeaderController->index()
#7 /Users/KK/MAMP_WS/cake/lunch/lib/Cake/Controller/Controller.php(485): ReflectionMethod->invokeArgs(Object(ResultHeaderController), Array)
#8 /Users/KK/MAMP_WS/cake/lunch/lib/Cake/Routing/Dispatcher.php(186): Controller->invokeAction(Object(CakeRequest))
#9 /Users/KK/MAMP_WS/cake/lunch/lib/Cake/Routing/Dispatcher.php(161): Dispatcher->_invoke(Object(ResultHeaderController), Object(CakeRequest), Object(CakeResponse))
#10 /Users/KK/MAMP_WS/cake/lunch/app/webroot/index.php(92): Dispatcher->dispatch(Object(CakeRequest), Object(CakeResponse))
#11 {main}
2017-07-24 23:33:22 Error: Fatal Error (1): Call to a member function sort() on a non-object in [/Users/KK/MAMP_WS/cake/lunch/app/View/ResultHeader/index.ctp, line 11]
2017-07-24 23:33:22 Error: [FatalErrorException] Call to a member function sort() on a non-object
#0 /Users/KK/MAMP_WS/cake/lunch/lib/Cake/Error/ErrorHandler.php(162): ErrorHandler::handleFatalError(1, 'Call to a membe...', '/Users/KK/MAMP_...', 11)
#1 [internal function]: ErrorHandler::handleError(1, 'Call to a membe...', '/Users/KK/MAMP_...', 11, Array)
#2 /Users/KK/MAMP_WS/cake/lunch/lib/Cake/Core/App.php(926): call_user_func('ErrorHandler::h...', 1, 'Call to a membe...', '/Users/KK/MAMP_...', 11, Array)
#3 /Users/KK/MAMP_WS/cake/lunch/lib/Cake/Core/App.php(899): App::_checkFatalError()
#4 [internal function]: App::shutdown()
#5 {main}
2017-07-24 23:35:14 Error: Fatal Error (1): Call to a member function sort() on a non-object in [/Users/KK/MAMP_WS/cake/lunch/app/View/ResultHeader/index.ctp, line 13]
2017-07-24 23:35:14 Error: [FatalErrorException] Call to a member function sort() on a non-object
#0 /Users/KK/MAMP_WS/cake/lunch/lib/Cake/Error/ErrorHandler.php(162): ErrorHandler::handleFatalError(1, 'Call to a membe...', '/Users/KK/MAMP_...', 13)
#1 [internal function]: ErrorHandler::handleError(1, 'Call to a membe...', '/Users/KK/MAMP_...', 13, Array)
#2 /Users/KK/MAMP_WS/cake/lunch/lib/Cake/Core/App.php(926): call_user_func('ErrorHandler::h...', 1, 'Call to a membe...', '/Users/KK/MAMP_...', 13, Array)
#3 /Users/KK/MAMP_WS/cake/lunch/lib/Cake/Core/App.php(899): App::_checkFatalError()
#4 [internal function]: App::shutdown()
#5 {main}
2017-07-24 23:35:26 Error: Fatal Error (1): Call to a member function sort() on a non-object in [/Users/KK/MAMP_WS/cake/lunch/app/View/ResultHeader/index.ctp, line 13]
2017-07-24 23:35:26 Error: [FatalErrorException] Call to a member function sort() on a non-object
#0 /Users/KK/MAMP_WS/cake/lunch/lib/Cake/Error/ErrorHandler.php(162): ErrorHandler::handleFatalError(1, 'Call to a membe...', '/Users/KK/MAMP_...', 13)
#1 [internal function]: ErrorHandler::handleError(1, 'Call to a membe...', '/Users/KK/MAMP_...', 13, Array)
#2 /Users/KK/MAMP_WS/cake/lunch/lib/Cake/Core/App.php(926): call_user_func('ErrorHandler::h...', 1, 'Call to a membe...', '/Users/KK/MAMP_...', 13, Array)
#3 /Users/KK/MAMP_WS/cake/lunch/lib/Cake/Core/App.php(899): App::_checkFatalError()
#4 [internal function]: App::shutdown()
#5 {main}
2017-07-24 23:37:18 Error: Fatal Error (1): Call to a member function sort() on a non-object in [/Users/KK/MAMP_WS/cake/lunch/app/View/ResultHeader/index.ctp, line 12]
2017-07-24 23:37:18 Error: [FatalErrorException] Call to a member function sort() on a non-object
#0 /Users/KK/MAMP_WS/cake/lunch/lib/Cake/Error/ErrorHandler.php(162): ErrorHandler::handleFatalError(1, 'Call to a membe...', '/Users/KK/MAMP_...', 12)
#1 [internal function]: ErrorHandler::handleError(1, 'Call to a membe...', '/Users/KK/MAMP_...', 12, Array)
#2 /Users/KK/MAMP_WS/cake/lunch/lib/Cake/Core/App.php(926): call_user_func('ErrorHandler::h...', 1, 'Call to a membe...', '/Users/KK/MAMP_...', 12, Array)
#3 /Users/KK/MAMP_WS/cake/lunch/lib/Cake/Core/App.php(899): App::_checkFatalError()
#4 [internal function]: App::shutdown()
#5 {main}
2017-07-24 23:38:11 Error: Fatal Error (1): Call to a member function sort() on a non-object in [/Users/KK/MAMP_WS/cake/lunch/app/View/ResultHeader/index.ctp, line 12]
2017-07-24 23:38:11 Error: [FatalErrorException] Call to a member function sort() on a non-object
#0 /Users/KK/MAMP_WS/cake/lunch/lib/Cake/Error/ErrorHandler.php(162): ErrorHandler::handleFatalError(1, 'Call to a membe...', '/Users/KK/MAMP_...', 12)
#1 [internal function]: ErrorHandler::handleError(1, 'Call to a membe...', '/Users/KK/MAMP_...', 12, Array)
#2 /Users/KK/MAMP_WS/cake/lunch/lib/Cake/Core/App.php(926): call_user_func('ErrorHandler::h...', 1, 'Call to a membe...', '/Users/KK/MAMP_...', 12, Array)
#3 /Users/KK/MAMP_WS/cake/lunch/lib/Cake/Core/App.php(899): App::_checkFatalError()
#4 [internal function]: App::shutdown()
#5 {main}
2017-07-24 23:38:16 Error: Fatal Error (1): Call to a member function sort() on a non-object in [/Users/KK/MAMP_WS/cake/lunch/app/View/ResultHeader/index.ctp, line 12]
2017-07-24 23:38:16 Error: [FatalErrorException] Call to a member function sort() on a non-object
#0 /Users/KK/MAMP_WS/cake/lunch/lib/Cake/Error/ErrorHandler.php(162): ErrorHandler::handleFatalError(1, 'Call to a membe...', '/Users/KK/MAMP_...', 12)
#1 [internal function]: ErrorHandler::handleError(1, 'Call to a membe...', '/Users/KK/MAMP_...', 12, Array)
#2 /Users/KK/MAMP_WS/cake/lunch/lib/Cake/Core/App.php(926): call_user_func('ErrorHandler::h...', 1, 'Call to a membe...', '/Users/KK/MAMP_...', 12, Array)
#3 /Users/KK/MAMP_WS/cake/lunch/lib/Cake/Core/App.php(899): App::_checkFatalError()
#4 [internal function]: App::shutdown()
#5 {main}
2017-07-25 07:18:17 Error: Fatal Error (4): syntax error, unexpected '<' in [/Users/KK/MAMP_WS/cake/lunch/app/View/ResultHeader/index.ctp, line 12]
2017-07-25 07:18:17 Error: [FatalErrorException] syntax error, unexpected '<'
#0 /Users/KK/MAMP_WS/cake/lunch/lib/Cake/Error/ErrorHandler.php(162): ErrorHandler::handleFatalError(4, 'syntax error, u...', '/Users/KK/MAMP_...', 12)
#1 [internal function]: ErrorHandler::handleError(4, 'syntax error, u...', '/Users/KK/MAMP_...', 12, Array)
#2 /Users/KK/MAMP_WS/cake/lunch/lib/Cake/Core/App.php(926): call_user_func('ErrorHandler::h...', 4, 'syntax error, u...', '/Users/KK/MAMP_...', 12, Array)
#3 /Users/KK/MAMP_WS/cake/lunch/lib/Cake/Core/App.php(899): App::_checkFatalError()
#4 [internal function]: App::shutdown()
#5 {main}
2017-07-26 00:20:55 Error: [MissingControllerException] Controller class LunchController could not be found.
#0 /Users/KK/GITHUB/cake/lunchRecord/app/webroot/index.php(92): Dispatcher->dispatch(Object(CakeRequest), Object(CakeResponse))
#1 {main}
